-------------------------------------------------------------------------------
Test set: com.smartticket.controller.ChatControllerIntegrationTest$ValidationErrorTests
-------------------------------------------------------------------------------
Tests run: 7, Failures: 1, Errors: 0, Skipped: 0, Time elapsed: 0.111 s <<< FAILURE! -- in com.smartticket.controller.ChatControllerIntegrationTest$ValidationErrorTests
com.smartticket.controller.ChatControllerIntegrationTest$ValidationErrorTests.testChatWithNullRequestBody -- Time elapsed: 0.015 s <<< FAILURE!
java.lang.AssertionError: JSON path "$.errorCode" expected:<CHAT_001> but was:<CHAT_002>
	at org.springframework.test.util.AssertionErrors.fail(AssertionErrors.java:59)
	at org.springframework.test.util.AssertionErrors.assertEquals(AssertionErrors.java:122)
	at org.springframework.test.util.JsonPathExpectationsHelper.assertValue(JsonPathExpectationsHelper.java:123)
	at org.springframework.test.web.servlet.result.JsonPathResultMatchers.lambda$value$2(JsonPathResultMatchers.java:111)
	at org.springframework.test.web.servlet.MockMvc$1.andExpect(MockMvc.java:214)
	at com.smartticket.controller.ChatControllerIntegrationTest$ValidationErrorTests.testChatWithNullRequestBody(ChatControllerIntegrationTest.java:126)
	at java.base/java.lang.reflect.Method.invoke(Method.java:568)
	at java.base/java.util.ArrayList.forEach(ArrayList.java:1511)
	at java.base/java.util.ArrayList.forEach(ArrayList.java:1511)
	at java.base/java.util.ArrayList.forEach(ArrayList.java:1511)

