<?xml version="1.0" encoding="UTF-8"?>
<testsuite xmlns:xsi="http://www.w3.org/2001/XMLSchema-instance" xsi:noNamespaceSchemaLocation="https://maven.apache.org/surefire/maven-surefire-plugin/xsd/surefire-test-report-3.0.xsd" version="3.0" name="com.smartticket.controller.ChatControllerIntegrationTest$ValidationErrorTests" time="0.111" tests="7" errors="0" skipped="0" failures="1">
  <properties>
[...]
</properties>
  <testcase name="testChatWithBlankMessage" classname="com.smartticket.controller.ChatControllerIntegrationTest$ValidationErrorTests" time="0.009">
    <system-out><![CDATA[2026-03-18T10:12:47.546+08:00  INFO 20140 --- [smart-ticket-service-test] [           main] t.c.s.AnnotationConfigContextLoaderUtils : Could not detect default configuration classes for test class [com.smartticket.controller.ChatControllerIntegrationTest$ValidationErrorTests]: ValidationErrorTests does not declare any static, non-private, non-final, nested classes annotated with @Configuration.
2026-03-18T10:12:47.552+08:00  INFO 20140 --- [smart-ticket-service-test] [           main] .b.t.c.SpringBootTestContextBootstrapper : Found @SpringBootConfiguration com.smartticket.SmartTicketApplication for test class com.smartticket.controller.ChatControllerIntegrationTest$ValidationErrorTests
]]></system-out>
  </testcase>
  <testcase name="testChatWithNullRequestBody" classname="com.smartticket.controller.ChatControllerIntegrationTest$ValidationErrorTests" time="0.015">
    <failure message="JSON path &quot;$.errorCode&quot; expected:&lt;CHAT_001&gt; but was:&lt;CHAT_002&gt;" type="java.lang.AssertionError"><![CDATA[java.lang.AssertionError: JSON path "$.errorCode" expected:<CHAT_001> but was:<CHAT_002>
	at org.springframework.test.util.AssertionErrors.fail(AssertionErrors.java:59)
	at org.springframework.test.util.AssertionErrors.assertEquals(AssertionErrors.java:122)
	at org.springframework.test.util.JsonPathExpectationsHelper.assertValue(JsonPathExpectationsHelper.java:123)
	at org.springframework.test.web.servlet.result.JsonPathResultMatchers.lambda$value$2(JsonPathResultMatchers.java:111)
	at org.springframework.test.web.servlet.MockMvc$1.andExpect(MockMvc.java:214)
	at com.smartticket.controller.ChatControllerIntegrationTest$ValidationErrorTests.testChatWithNullRequestBody(ChatControllerIntegrationTest.java:126)
	at java.base/java.lang.reflect.Method.invoke(Method.java:568)
	at java.base/java.util.ArrayList.forEach(ArrayList.java:1511)
	at java.base/java.util.ArrayList.forEach(ArrayList.java:1511)
	at java.base/java.util.ArrayList.forEach(ArrayList.java:1511)
]]></failure>
    <system-out><![CDATA[
MockHttpServletRequest:
      HTTP Method = POST
      Request URI = /api/v1/chat
       Parameters = {}
          Headers = [Content-Type:"application/json;charset=UTF-8", Content-Length:"2"]
             Body = {}
    Session Attrs = {}

Handler:
             Type = com.smartticket.controller.ChatController
           Method = com.smartticket.controller.ChatController#chat(ChatRequest)

Async:
    Async started = false
     Async result = null

Resolved Exception:
             Type = null

ModelAndView:
        View name = null
             View = null
            Model = null

FlashMap:
       Attributes = null

MockHttpServletResponse:
           Status = 400
    Error message = null
          Headers = [Vary:"Origin", "Access-Control-Request-Method", "Access-Control-Request-Headers", Content-Type:"application/json"]
     Content type = application/json
             Body = {"success":false,"message":"Session ID is required","errorCode":"CHAT_002","timestamp":"2026-03-18T02:12:47.576621500Z"}
    Forwarded URL = null
   Redirected URL = null
          Cookies = []
]]></system-out>
  </testcase>
  <testcase name="testChatWithBlankUserId" classname="com.smartticket.controller.ChatControllerIntegrationTest$ValidationErrorTests" time="0.007"/>
  <testcase name="testChatWithMissingMessage" classname="com.smartticket.controller.ChatControllerIntegrationTest$ValidationErrorTests" time="0.007"/>
  <testcase name="testChatWithBlankSessionId" classname="com.smartticket.controller.ChatControllerIntegrationTest$ValidationErrorTests" time="0.01"/>
  <testcase name="testChatWithMissingUserId" classname="com.smartticket.controller.ChatControllerIntegrationTest$ValidationErrorTests" time="0.008"/>
  <testcase name="testChatWithMissingSessionId" classname="com.smartticket.controller.ChatControllerIntegrationTest$ValidationErrorTests" time="0.009"/>
</testsuite>