<?xml version="1.0" encoding="UTF-8"?>
<testsuite xmlns:xsi="http://www.w3.org/2001/XMLSchema-instance" xsi:noNamespaceSchemaLocation="https://maven.apache.org/surefire/maven-surefire-plugin/xsd/surefire-test-report-3.0.xsd" version="3.0" name="com.smartticket.ChatFlowIntegrationTest$ClarificationQuestionTests" time="0.073" tests="2" errors="0" skipped="0" failures="0">
  <properties>
[...]
</properties>
  <testcase name="testLowConfidenceTriggersClarification" classname="com.smartticket.ChatFlowIntegrationTest$ClarificationQuestionTests" time="0.014">
    <system-out><![CDATA[2026-03-18T15:14:14.654+08:00  INFO 27232 --- [smart-ticket-service-test] [           main] t.c.s.AnnotationConfigContextLoaderUtils : Could not detect default configuration classes for test class [com.smartticket.ChatFlowIntegrationTest$ClarificationQuestionTests]: ClarificationQuestionTests does not declare any static, non-private, non-final, nested classes annotated with @Configuration.
2026-03-18T15:14:14.668+08:00  INFO 27232 --- [smart-ticket-service-test] [           main] .b.t.c.SpringBootTestContextBootstrapper : Found @SpringBootConfiguration com.smartticket.SmartTicketApplication for test class com.smartticket.ChatFlowIntegrationTest$ClarificationQuestionTests
2026-03-18T15:14:14.694+08:00  INFO 27232 --- [smart-ticket-service-test] [           main] com.smartticket.service.ChatService      : Processing chat request for session: session-test
2026-03-18T15:14:14.695+08:00 DEBUG 27232 --- [smart-ticket-service-test] [           main] com.smartticket.service.ChatService      : Chat response received, intent: logistics
]]></system-out>
  </testcase>
  <testcase name="testClarificationResponseFormat" classname="com.smartticket.ChatFlowIntegrationTest$ClarificationQuestionTests" time="0.015">
    <system-out><![CDATA[2026-03-18T15:14:14.710+08:00  INFO 27232 --- [smart-ticket-service-test] [           main] com.smartticket.service.ChatService      : Processing chat request for session: session-clarify
2026-03-18T15:14:14.711+08:00 DEBUG 27232 --- [smart-ticket-service-test] [           main] com.smartticket.service.ChatService      : Chat response received, intent: logistics
]]></system-out>
  </testcase>
</testsuite>